Unity Editor version:    2021.3.3f1 (af2e63e8f9bd)
Branch:                  2021.3/staging
Build type:              Release
Batch mode:              YES
macOS version:           Version 12.1 (Build 21C52)
Darwin version:          21.2.0
Architecture:            arm64
Running under Rosetta:   NO
Available memory:        16384 MB
Using pre-set license
Pro License: YES

COMMAND LINE ARGUMENTS:
/Applications/Unity/Hub/Editor/2021.3.3f1/Unity.app/Contents/MacOS/Unity
-adb2
-batchMode
-noUpm
-name
AssetImportWorker0
-projectPath
/Users/shanpu/Documents/GitHub/Smash-a-lotl/My project (3)
-logFile
Logs/AssetImportWorker0.log
-srvPort
50006
Successfully changed project path to: /Users/shanpu/Documents/GitHub/Smash-a-lotl/My project (3)
/Users/shanpu/Documents/GitHub/Smash-a-lotl/My project (3)
[UnityMemory] Configuration Parameters - Can be set up in boot.config
    "memorysetup-bucket-allocator-granularity=16"
    "memorysetup-bucket-allocator-bucket-count=8"
    "memorysetup-bucket-allocator-block-size=33554432"
    "memorysetup-bucket-allocator-block-count=8"
    "memorysetup-main-allocator-block-size=16777216"
    "memorysetup-thread-allocator-block-size=16777216"
    "memorysetup-gfx-main-allocator-block-size=16777216"
    "memorysetup-gfx-thread-allocator-block-size=16777216"
    "memorysetup-cache-allocator-block-size=4194304"
    "memorysetup-typetree-allocator-block-size=2097152"
    "memorysetup-profiler-bucket-allocator-granularity=16"
    "memorysetup-profiler-bucket-allocator-bucket-count=8"
    "memorysetup-profiler-bucket-allocator-block-size=33554432"
    "memorysetup-profiler-bucket-allocator-block-count=8"
    "memorysetup-profiler-allocator-block-size=16777216"
    "memorysetup-profiler-editor-allocator-block-size=1048576"
    "memorysetup-temp-allocator-size-main=16777216"
    "memorysetup-job-temp-allocator-block-size=2097152"
    "memorysetup-job-temp-allocator-block-size-background=1048576"
    "memorysetup-job-temp-allocator-reduction-small-platforms=262144"
    "memorysetup-temp-allocator-size-background-worker=32768"
    "memorysetup-temp-allocator-size-job-worker=262144"
    "memorysetup-temp-allocator-size-preload-manager=33554432"
    "memorysetup-temp-allocator-size-nav-mesh-worker=65536"
    "memorysetup-temp-allocator-size-audio-worker=65536"
    "memorysetup-temp-allocator-size-cloud-worker=32768"
    "memorysetup-temp-allocator-size-gi-baking-worker=262144"
    "memorysetup-temp-allocator-size-gfx=262144"
Refreshing native plugins compatible for Editor in 22.21 ms, found 2 plugins.
Preloading 0 native plugins for Editor in 0.00 ms.
Initialize engine version: 2021.3.3f1 (af2e63e8f9bd)
[Subsystems] Discovering subsystems at path /Applications/Unity/Hub/Editor/2021.3.3f1/Unity.app/Contents/Resources/UnitySubsystems
[Subsystems] Discovering subsystems at path /Users/shanpu/Documents/GitHub/Smash-a-lotl/My project (3)/Assets
GfxDevice: creating device client; threaded=0; jobified=0
 preferred device: Apple M1 Pro (high power)
Metal devices available: 1
0: Apple M1 Pro (high power)
Using device Apple M1 Pro (high power)
Initializing Metal device caps: Apple M1 Pro
Initialize mono
Mono path[0] = '/Applications/Unity/Hub/Editor/2021.3.3f1/Unity.app/Contents/Managed'
Mono path[1] = '/Applications/Unity/Hub/Editor/2021.3.3f1/Unity.app/Contents/MonoBleedingEdge/lib/mono/unityjit-macos'
Mono config path = '/Applications/Unity/Hub/Editor/2021.3.3f1/Unity.app/Contents/MonoBleedingEdge/etc'
Using monoOptions --debugger-agent=transport=dt_socket,embedding=1,server=y,suspend=n,address=127.0.0.1:56179
Begin MonoManager ReloadAssembly
Registering precompiled unity dll's ...
Register platform support module: /Applications/Unity/Hub/Editor/2021.3.3f1/Unity.app/Contents/PlaybackEngines/MacStandaloneSupport/UnityEditor.OSXStandalone.Extensions.dll
Registered in 0.000669 seconds.
Native extension for OSXStandalone target not found
Refreshing native plugins compatible for Editor in 20.47 ms, found 2 plugins.
Preloading 0 native plugins for Editor in 0.00 ms.
Mono: successfully reloaded assembly
- Completed reload, in  0.351 seconds
Domain Reload Profiling:
	ReloadAssembly (351ms)
		BeginReloadAssembly (44ms)
			ExecutionOrderSort (0ms)
			DisableScriptedObjects (0ms)
			BackupInstance (0ms)
			ReleaseScriptingObjects (0ms)
			CreateAndSetChildDomain (0ms)
		EndReloadAssembly (243ms)
			LoadAssemblies (43ms)
			RebuildTransferFunctionScriptingTraits (0ms)
			SetupTypeCache (66ms)
			ReleaseScriptCaches (0ms)
			RebuildScriptCaches (19ms)
			SetupLoadedEditorAssemblies (131ms)
				LogAssemblyErrors (0ms)
				InitializePlatformSupportModulesInManaged (3ms)
				SetLoadedEditorAssemblies (0ms)
				RefreshPlugins (21ms)
				BeforeProcessingInitializeOnLoad (1ms)
				ProcessInitializeOnLoadAttributes (81ms)
				ProcessInitializeOnLoadMethodAttributes (25ms)
				AfterProcessingInitializeOnLoad (0ms)
				EditorAssembliesLoaded (0ms)
			ExecutionOrderSort2 (0ms)
			AwakeInstancesAfterBackupRestoration (0ms)
Platform modules already initialized, skipping
Registering precompiled user dll's ...
Registered in 0.000623 seconds.
Begin MonoManager ReloadAssembly
Native extension for OSXStandalone target not found
Refreshing native plugins compatible for Editor in 0.20 ms, found 2 plugins.
Preloading 0 native plugins for Editor in 0.00 ms.
Mono: successfully reloaded assembly
- Completed reload, in  0.493 seconds
Domain Reload Profiling:
	ReloadAssembly (494ms)
		BeginReloadAssembly (60ms)
			ExecutionOrderSort (0ms)
			DisableScriptedObjects (3ms)
			BackupInstance (0ms)
			ReleaseScriptingObjects (0ms)
			CreateAndSetChildDomain (12ms)
		EndReloadAssembly (367ms)
			LoadAssemblies (41ms)
			RebuildTransferFunctionScriptingTraits (0ms)
			SetupTypeCache (113ms)
			ReleaseScriptCaches (0ms)
			RebuildScriptCaches (29ms)
			SetupLoadedEditorAssemblies (167ms)
				LogAssemblyErrors (0ms)
				InitializePlatformSupportModulesInManaged (2ms)
				SetLoadedEditorAssemblies (0ms)
				RefreshPlugins (0ms)
				BeforeProcessingInitializeOnLoad (28ms)
				ProcessInitializeOnLoadAttributes (120ms)
				ProcessInitializeOnLoadMethodAttributes (15ms)
				AfterProcessingInitializeOnLoad (1ms)
				EditorAssembliesLoaded (0ms)
			ExecutionOrderSort2 (0ms)
			AwakeInstancesAfterBackupRestoration (2ms)
Platform modules already initialized, skipping
========================================================================
Worker process is ready to serve import requests
Launching external process: /Applications/Unity/Hub/Editor/2021.3.3f1/Unity.app/Contents/Tools/UnityShaderCompiler
Launched and connected shader compiler UnityShaderCompiler after 0.05 seconds
Refreshing native plugins compatible for Editor in 0.22 ms, found 2 plugins.
Preloading 0 native plugins for Editor in 0.00 ms.
Unloading 1669 Unused Serialized files (Serialized files now loaded: 0)
Unloading 19 unused Assets / (35.9 KB). Loaded Objects now: 2134.
Memory consumption went from 160.1 MB to 160.1 MB.
Total: 2.287500 ms (FindLiveObjects: 0.060500 ms CreateObjectMapping: 0.021834 ms MarkObjects: 2.166708 ms  DeleteObjects: 0.037708 ms)

AssetImportParameters requested are different than current active one (requested -> active):
  custom:video-decoder-ogg-theora: a1e56fd34408186e4bbccfd4996cb3dc -> 
  custom:container-muxer-webm: aa71ff27fc2769a1b78a27578f13a17b -> 
  custom:container-demuxer-webm: 4f35f7cbe854078d1ac9338744f61a02 -> 
  custom:video-encoder-webm-vp8: eb34c28f22e8b96e1ab97ce403110664 -> 
  custom:framework-osx-AVFoundation: e770b220cccbd017edd2c1fefb359320 -> 
  custom:audio-encoder-webm-vorbis: bf7c407c2cedff20999df2af8eb42d56 -> 
  custom:container-demuxer-ogg: 62fdf1f143b41e24485cea50d1cbac27 -> 
  custom:video-decoder-webm-vp8: 9c59270c3fd7afecdb556c50c9e8de78 -> 
  custom:audio-decoder-ogg-vorbis: bf7c407c2cedff20999df2af8eb42d56 -> 
========================================================================
Received Import Request.
  Time since last request: 4773.154660 seconds.
  path: Assets/Scripts/Go to main scene.cs
  artifactKey: Guid(38063867b8fe1a146b021ee86d2a8622) Importer(815301076,1909f56bfc062723c751e8b465ee728b)
Start importing Assets/Scripts/Go to main scene.cs using Guid(38063867b8fe1a146b021ee86d2a8622) Importer(815301076,1909f56bfc062723c751e8b465ee728b)  -> (artifact id: 'a6f241fc9790976e08b707e46862f3a1') in 0.042443 seconds 
========================================================================
Received Import Request.
  Time since last request: 2.850847 seconds.
  path: Assets/Scenes/Start Menu.unity
  artifactKey: Guid(9fc0d4010bbf28b4594072e72b8655ab) Importer(815301076,1909f56bfc062723c751e8b465ee728b)
Start importing Assets/Scenes/Start Menu.unity using Guid(9fc0d4010bbf28b4594072e72b8655ab) Importer(815301076,1909f56bfc062723c751e8b465ee728b)  -> (artifact id: 'f0dd82d5a537cf08d4688d2192ac0895') in 0.001281 seconds 
========================================================================
Received Import Request.
  Time since last request: 4.025323 seconds.
  path: Assets/Scenes/Credits.unity
  artifactKey: Guid(6416e196078d3a540bb5bdfcc34a3dec) Importer(815301076,1909f56bfc062723c751e8b465ee728b)
Start importing Assets/Scenes/Credits.unity using Guid(6416e196078d3a540bb5bdfcc34a3dec) Importer(815301076,1909f56bfc062723c751e8b465ee728b)  -> (artifact id: '0d07b7c0296427f87093502500906d00') in 0.001206 seconds 
========================================================================
Received Import Request.
  Time since last request: 6.886471 seconds.
  path: Assets/Scenes/Main.unity
  artifactKey: Guid(c03a6ad3213022d45a0b6c50576781e4) Importer(815301076,1909f56bfc062723c751e8b465ee728b)
Start importing Assets/Scenes/Main.unity using Guid(c03a6ad3213022d45a0b6c50576781e4) Importer(815301076,1909f56bfc062723c751e8b465ee728b)  -> (artifact id: '443d3ceea0258c9845e20e7f2957d69c') in 0.000733 seconds 
========================================================================
Received Import Request.
  Time since last request: 33.681500 seconds.
  path: Assets/Fonts/SEGOEUI.TTF
  artifactKey: Guid(bd297aa34efff074bb7d73f21a356316) Importer(815301076,1909f56bfc062723c751e8b465ee728b)
Start importing Assets/Fonts/SEGOEUI.TTF using Guid(bd297aa34efff074bb7d73f21a356316) Importer(815301076,1909f56bfc062723c751e8b465ee728b)  -> (artifact id: '8be4c8233ce01522128d522b30391ac1') in 1.085006 seconds 
========================================================================
Received Import Request.
  Time since last request: 0.000038 seconds.
  path: Assets/UI elements/Rectangle 1.png
  artifactKey: Guid(cd14cbf3fbdb9344c986dca9f60fbe2b) Importer(815301076,1909f56bfc062723c751e8b465ee728b)
Start importing Assets/UI elements/Rectangle 1.png using Guid(cd14cbf3fbdb9344c986dca9f60fbe2b) Importer(815301076,1909f56bfc062723c751e8b465ee728b)  -> (artifact id: '44ba323a566a6500e3dc85d0a27769e8') in 0.403003 seconds 
========================================================================
Received Import Request.
  Time since last request: 0.000805 seconds.
  path: Assets/UI elements/home-3.png
  artifactKey: Guid(5d07c4fec1d21ca4ea6cb04d0fbabe74) Importer(815301076,1909f56bfc062723c751e8b465ee728b)
Start importing Assets/UI elements/home-3.png using Guid(5d07c4fec1d21ca4ea6cb04d0fbabe74) Importer(815301076,1909f56bfc062723c751e8b465ee728b)  -> (artifact id: '5fdb52eb7e590bcc86d6c22b697fc49f') in 0.003526 seconds 
========================================================================
Received Import Request.
  Time since last request: 0.001533 seconds.
  path: Assets/UI elements/NO EYES.png
  artifactKey: Guid(bb9901bd7bf9ac0489ba156cdddbfd8f) Importer(815301076,1909f56bfc062723c751e8b465ee728b)
Start importing Assets/UI elements/NO EYES.png using Guid(bb9901bd7bf9ac0489ba156cdddbfd8f) Importer(815301076,1909f56bfc062723c751e8b465ee728b)  -> (artifact id: '2538d4dda10bc4605a4c40047262ae03') in 0.004230 seconds 
========================================================================
Received Import Request.
  Time since last request: 0.000225 seconds.
  path: Assets/UI elements/Background.png
  artifactKey: Guid(944fc112894d4ca4f9e47b5962d29996) Importer(815301076,1909f56bfc062723c751e8b465ee728b)
Start importing Assets/UI elements/Background.png using Guid(944fc112894d4ca4f9e47b5962d29996) Importer(815301076,1909f56bfc062723c751e8b465ee728b)  -> (artifact id: 'd84dc1699e5629210c1d34433fb0314b') in 0.003962 seconds 
